<?xml version="1.0" encoding="UTF-8"?>
<testng-results ignored="0" total="3" passed="2" failed="1" skipped="0">
  <reporter-output>
  </reporter-output>
  <suite started-at="2021-07-07T04:50:41Z" name="Suite1" finished-at="2021-07-07T04:51:27Z" duration-ms="46621">
    <groups>
    </groups>
    <test started-at="2021-07-07T04:50:41Z" name="Validate title" finished-at="2021-07-07T04:51:10Z" duration-ms="29179">
      <class name="insurity.ValidateCaption">
        <test-method is-config="true" signature="initialize()[pri:0, instance:insurity.ValidateCaption@4fbda97b]" started-at="2021-07-07T04:50:41Z" name="initialize" finished-at="2021-07-07T04:51:05Z" duration-ms="24765" status="PASS">
          <reporter-output>
          </reporter-output>
        </test-method> <!-- initialize -->
        <test-method signature="validateTitle()[pri:0, instance:insurity.ValidateCaption@4fbda97b]" started-at="2021-07-07T04:51:05Z" name="validateTitle" finished-at="2021-07-07T04:51:06Z" duration-ms="562" status="FAIL">
          <exception class="java.lang.AssertionError">
            <message>
              <![CDATA[expected [/////WHY WEâ€™RE DIFFERENT] but found [WHY WE’RE DIFFERENT]]]>
            </message>
            <full-stacktrace>
              <![CDATA[java.lang.AssertionError: expected [/////WHY WEâ€™RE DIFFERENT] but found [WHY WE’RE DIFFERENT]
at org.testng.Assert.fail(Assert.java:96)
at org.testng.Assert.failNotEquals(Assert.java:776)
at org.testng.Assert.assertEqualsImpl(Assert.java:137)
at org.testng.Assert.assertEquals(Assert.java:118)
at org.testng.Assert.assertEquals(Assert.java:453)
at org.testng.Assert.assertEquals(Assert.java:463)
at insurity.ValidateCaption.validateTitle(ValidateCaption.java:29)
at java.base/jdk.internal.reflect.NativeMethodAccessorImpl.invoke0(Native Method)
at java.base/jdk.internal.reflect.NativeMethodAccessorImpl.invoke(NativeMethodAccessorImpl.java:62)
at java.base/jdk.internal.reflect.DelegatingMethodAccessorImpl.invoke(DelegatingMethodAccessorImpl.java:43)
at java.base/java.lang.reflect.Method.invoke(Method.java:566)
at org.testng.internal.MethodInvocationHelper.invokeMethod(MethodInvocationHelper.java:124)
at org.testng.internal.Invoker.invokeMethod(Invoker.java:583)
at org.testng.internal.Invoker.invokeTestMethod(Invoker.java:719)
at org.testng.internal.Invoker.invokeTestMethods(Invoker.java:989)
at org.testng.internal.TestMethodWorker.invokeTestMethods(TestMethodWorker.java:125)
at org.testng.internal.TestMethodWorker.run(TestMethodWorker.java:109)
at org.testng.TestRunner.privateRun(TestRunner.java:648)
at org.testng.TestRunner.run(TestRunner.java:505)
at org.testng.SuiteRunner.runTest(SuiteRunner.java:455)
at org.testng.SuiteRunner.access$000(SuiteRunner.java:40)
at org.testng.SuiteRunner$SuiteWorker.run(SuiteRunner.java:489)
at org.testng.internal.thread.ThreadUtil$1.call(ThreadUtil.java:52)
at java.base/java.util.concurrent.FutureTask.run(FutureTask.java:264)
at java.base/java.util.concurrent.ThreadPoolExecutor.runWorker(ThreadPoolExecutor.java:1128)
at java.base/java.util.concurrent.ThreadPoolExecutor$Worker.run(ThreadPoolExecutor.java:628)
at java.base/java.lang.Thread.run(Thread.java:834)
]]>
            </full-stacktrace>
          </exception> <!-- java.lang.AssertionError -->
          <reporter-output>
          </reporter-output>
        </test-method> <!-- validateTitle -->
        <test-method is-config="true" signature="tearDown()[pri:0, instance:insurity.ValidateCaption@4fbda97b]" started-at="2021-07-07T04:51:09Z" name="tearDown" finished-at="2021-07-07T04:51:10Z" duration-ms="1157" status="PASS">
          <reporter-output>
          </reporter-output>
        </test-method> <!-- tearDown -->
      </class> <!-- insurity.ValidateCaption -->
    </test> <!-- Validate title -->
    <test started-at="2021-07-07T04:50:41Z" name="Validate user login" finished-at="2021-07-07T04:51:27Z" duration-ms="46621">
      <class name="insurity.HomePage">
        <test-method is-config="true" signature="initialize()[pri:0, instance:insurity.HomePage@10993713]" started-at="2021-07-07T04:50:41Z" name="initialize" finished-at="2021-07-07T04:50:52Z" duration-ms="10859" status="PASS">
          <reporter-output>
          </reporter-output>
        </test-method> <!-- initialize -->
        <test-method signature="basePageNavigation(java.lang.String, java.lang.String, java.lang.String)[pri:0, instance:insurity.HomePage@10993713]" started-at="2021-07-07T04:50:52Z" name="basePageNavigation" data-provider="getData" finished-at="2021-07-07T04:51:18Z" duration-ms="26144" status="PASS">
          <params>
            <param index="0">
              <value>
                <![CDATA[usename1]]>
              </value>
            </param>
            <param index="1">
              <value>
                <![CDATA[password1]]>
              </value>
            </param>
            <param index="2">
              <value>
                <![CDATA[restricted]]>
              </value>
            </param>
          </params>
          <reporter-output>
          </reporter-output>
        </test-method> <!-- basePageNavigation -->
        <test-method signature="basePageNavigation(java.lang.String, java.lang.String, java.lang.String)[pri:0, instance:insurity.HomePage@10993713]" started-at="2021-07-07T04:51:18Z" name="basePageNavigation" data-provider="getData" finished-at="2021-07-07T04:51:26Z" duration-ms="8707" status="PASS">
          <params>
            <param index="0">
              <value>
                <![CDATA[usename2]]>
              </value>
            </param>
            <param index="1">
              <value>
                <![CDATA[password2]]>
              </value>
            </param>
            <param index="2">
              <value>
                <![CDATA[not-restricted]]>
              </value>
            </param>
          </params>
          <reporter-output>
          </reporter-output>
        </test-method> <!-- basePageNavigation -->
        <test-method is-config="true" signature="tearDown()[pri:0, instance:insurity.HomePage@10993713]" started-at="2021-07-07T04:51:26Z" name="tearDown" finished-at="2021-07-07T04:51:27Z" duration-ms="874" status="PASS">
          <reporter-output>
          </reporter-output>
        </test-method> <!-- tearDown -->
      </class> <!-- insurity.HomePage -->
    </test> <!-- Validate user login -->
  </suite> <!-- Suite1 -->
</testng-results>
